<?xml version="1.0" encoding="UTF-8"?>
<!-- Generated by org.testng.reporters.JUnitReportReporter -->
<testsuite hostname="SureshKirthi" failures="0" tests="1" name="TestNg.Annotations" time="4.012" errors="0" timestamp="2023-08-14T16:52:01 IST" skipped="0">
  <testcase classname="TestNg.Annotations" name="login" time="4.012"/>
</testsuite> <!-- TestNg.Annotations -->
