<?xml version="1.0" encoding="UTF-8"?>
<!-- Generated by org.testng.reporters.JUnitReportReporter -->
<testsuite hostname="SureshKirthi" failures="0" tests="2" name="TestNg.Priority" time="0.009" errors="0" timestamp="2023-08-11T17:43:21 IST" skipped="1">
  <testcase classname="TestNg.Priority" name="demo2" time="0.009"/>
  <testcase classname="TestNg.Priority" name="demo3">
    <skipped/>
  </testcase> <!-- demo3 -->
</testsuite> <!-- TestNg.Priority -->
