<?xml version="1.0" encoding="UTF-8"?>
<!-- Generated by org.testng.reporters.JUnitReportReporter -->
<testsuite hostname="SureshKirthi" failures="0" tests="1" name="TestNg_Group.Sample1" time="0.007" errors="0" timestamp="2023-08-14T16:16:19 IST" skipped="0">
  <testcase classname="TestNg_Group.Sample1" name="demo1" time="0.007"/>
</testsuite> <!-- TestNg_Group.Sample1 -->
