<?xml version="1.0" encoding="UTF-8"?>
<!-- Generated by org.testng.reporters.JUnitReportReporter -->
<testsuite hostname="SureshKirthi" failures="0" tests="2" name="TestNg_Parallel.CrossBrowser_Amazon" time="11.322" errors="0" timestamp="2023-08-12T17:02:25 IST" skipped="0">
  <testcase classname="TestNg_Parallel.CrossBrowser_Amazon" name="amazon" time="5.282"/>
  <testcase classname="TestNg_Parallel.CrossBrowser_Amazon" name="amazon" time="6.040"/>
</testsuite> <!-- TestNg_Parallel.CrossBrowser_Amazon -->
