<?xml version="1.0" encoding="UTF-8"?>
<!-- Generated by org.testng.reporters.JUnitReportReporter -->
<testsuite hostname="SureshKirthi" failures="0" tests="1" name="TestNg_Parallel.Facebook_Distributed" time="7.267" errors="0" timestamp="2023-08-12T16:32:39 IST" skipped="0">
  <testcase classname="TestNg_Parallel.Facebook_Distributed" name="facebook" time="7.267"/>
</testsuite> <!-- TestNg_Parallel.Facebook_Distributed -->
