<?xml version="1.0" encoding="UTF-8"?>
<!-- Generated by org.testng.reporters.JUnitReportReporter -->
<testsuite hostname="SureshKirthi" failures="0" tests="1" name="TestNg.Assertions" time="3.967" errors="0" timestamp="2023-08-14T17:26:41 IST" skipped="0">
  <testcase classname="TestNg.Assertions" name="login" time="3.967"/>
</testsuite> <!-- TestNg.Assertions -->
