<?xml version="1.0" encoding="UTF-8"?>
<!-- Generated by org.testng.reporters.JUnitReportReporter -->
<testsuite hostname="SureshKirthi" failures="0" tests="1" name="TestNg_Parallel.Amazon_Distributes" time="4.714" errors="0" timestamp="2023-08-12T16:32:39 IST" skipped="0">
  <testcase classname="TestNg_Parallel.Amazon_Distributes" name="amazon" time="4.714"/>
</testsuite> <!-- TestNg_Parallel.Amazon_Distributes -->
