<?xml version="1.0" encoding="UTF-8"?>
<!-- Generated by org.testng.reporters.JUnitReportReporter -->
<testsuite hostname="SureshKirthi" failures="0" tests="2" name="TestNg.Invocation" time="0.002" errors="0" timestamp="2023-08-11T17:43:21 IST" skipped="0">
  <testcase classname="TestNg.Invocation" name="demo1" time="0.001"/>
  <testcase classname="TestNg.Invocation" name="demo2" time="0.001"/>
</testsuite> <!-- TestNg.Invocation -->
