<?xml version="1.0" encoding="UTF-8"?>
<!-- Generated by org.testng.reporters.JUnitReportReporter -->
<testsuite hostname="SureshKirthi" failures="0" tests="3" name="TestNg.DataProvider" time="10.470" errors="0" timestamp="2023-08-14T17:48:25 IST" skipped="0">
  <testcase classname="TestNg.DataProvider" name="demo" time="3.197"/>
  <testcase classname="TestNg.DataProvider" name="demo" time="3.196"/>
  <testcase classname="TestNg.DataProvider" name="demo" time="4.077"/>
</testsuite> <!-- TestNg.DataProvider -->
