<?xml version="1.0" encoding="UTF-8"?>
<!-- Generated by org.testng.reporters.JUnitReportReporter -->
<testsuite hostname="SureshKirthi" failures="0" tests="1" name="TestNg_Group.Sample2" time="0.001" errors="0" timestamp="2023-08-14T16:16:19 IST" skipped="0">
  <testcase classname="TestNg_Group.Sample2" name="demo4" time="0.001"/>
</testsuite> <!-- TestNg_Group.Sample2 -->
