<?xml version="1.0" encoding="UTF-8"?>
<!-- Generated by org.testng.reporters.JUnitReportReporter -->
<testsuite hostname="SureshKirthi" failures="0" tests="1" name="TestNg_fail.Amazon_Distributes" time="3.801" errors="0" timestamp="2023-08-12T17:24:45 IST" skipped="0">
  <testcase classname="TestNg_fail.Amazon_Distributes" name="amazon" time="3.801"/>
</testsuite> <!-- TestNg_fail.Amazon_Distributes -->
